<?xml version="1.0" encoding="UTF-8"?>
<!-- Generated by org.testng.reporters.JUnitReportReporter -->
<testsuite hostname="Oviya" failures="0" tests="1" name="flipcart.testcases.VerifyFlipCarMobilePageTest" time="0.000" errors="0" timestamp="2023-06-04T03:30:20 IST" skipped="1">
  <testcase classname="flipcart.testcases.VerifyFlipCarMobilePageTest" name="VerifyFlipCarMobilePage" time="0.000">
    <skipped/>
  </testcase> <!-- VerifyFlipCarMobilePage -->
  <system-out/>
</testsuite> <!-- flipcart.testcases.VerifyFlipCarMobilePageTest -->
