<?xml version="1.0" encoding="UTF-8"?>
<!-- Generated by org.testng.reporters.JUnitReportReporter -->
<testsuite hostname="Oviya" failures="0" tests="1" name="flipcart.testcases.VerifyFlipCartFashonPage" time="3.556" errors="0" timestamp="2023-06-04T00:41:25 IST" skipped="0">
  <testcase classname="flipcart.testcases.VerifyFlipCartFashonPage" name="VerifyFlipcartElectronicPageTest" time="3.556"/>
  <system-out/>
</testsuite> <!-- flipcart.testcases.VerifyFlipCartFashonPage -->
