<?xml version="1.0" encoding="UTF-8"?>
<!-- Generated by org.testng.reporters.JUnitReportReporter -->
<testsuite hostname="Oviya" failures="0" tests="1" name="flipcart.testcases.VerifyFlipcartHomePageTest" time="5.745" errors="0" timestamp="2023-06-04T01:33:08 IST" skipped="0">
  <testcase classname="flipcart.testcases.VerifyFlipcartHomePageTest" name="VerifyFlipcartHomePageTest" time="5.745"/>
  <system-out/>
</testsuite> <!-- flipcart.testcases.VerifyFlipcartHomePageTest -->
