<?xml version="1.0" encoding="UTF-8"?>
<!-- Generated by org.testng.reporters.JUnitReportReporter -->
<testsuite hostname="Oviya" failures="0" tests="1" name="flipcart.testcases.VerifyFlipcartAppliancePageTest" time="5.250" errors="0" timestamp="2023-06-04T02:25:52 IST" skipped="0">
  <testcase classname="flipcart.testcases.VerifyFlipcartAppliancePageTest" name="VerifyFlipcartAppliancepage" time="5.250"/>
  <system-out/>
</testsuite> <!-- flipcart.testcases.VerifyFlipcartAppliancePageTest -->
