<?xml version="1.0" encoding="UTF-8"?>
<!-- Generated by org.testng.reporters.JUnitReportReporter -->
<testsuite hostname="Oviya" failures="0" tests="1" name="flipcart.testcases.VerifyFlipcartGroceryPageTest" time="6.063" errors="0" timestamp="2023-06-04T03:30:20 IST" skipped="0">
  <testcase classname="flipcart.testcases.VerifyFlipcartGroceryPageTest" name="VerifyFlipcartGroceryTest" time="6.063"/>
  <system-out/>
</testsuite> <!-- flipcart.testcases.VerifyFlipcartGroceryPageTest -->
