<?xml version="1.0" encoding="UTF-8"?>
<!-- Generated by org.testng.reporters.JUnitReportReporter -->
<testsuite hostname="Oviya" failures="0" tests="1" name="flipcart.testcases.VerifyFlipcartHomePage" time="5.747" errors="0" timestamp="2023-06-04T00:41:25 IST" skipped="0">
  <testcase classname="flipcart.testcases.VerifyFlipcartHomePage" name="VerifyFlipcartHomePageTest" time="5.747"/>
  <system-out/>
</testsuite> <!-- flipcart.testcases.VerifyFlipcartHomePage -->
