<?xml version="1.0" encoding="UTF-8"?>
<!-- Generated by org.testng.reporters.JUnitReportReporter -->
<testsuite hostname="Oviya" failures="0" tests="1" name="flipcart.testcases.VerifyFlipCartElectronicPage" time="4.541" errors="0" timestamp="2023-06-04T00:28:26 IST" skipped="0">
  <testcase classname="flipcart.testcases.VerifyFlipCartElectronicPage" name="VerifyFlipCartFashonPageTest" time="4.541"/>
  <system-out/>
</testsuite> <!-- flipcart.testcases.VerifyFlipCartElectronicPage -->
