<?xml version="1.0" encoding="UTF-8"?>
<!-- Generated by org.testng.reporters.JUnitReportReporter -->
<testsuite hostname="Oviya" failures="0" tests="1" name="flipcart.testcases.VerifyFlipcartTravelPageTest" time="10.017" errors="0" timestamp="2023-06-04T02:25:52 IST" skipped="0">
  <testcase classname="flipcart.testcases.VerifyFlipcartTravelPageTest" name="VerifyFlipcarttravelpage" time="10.017"/>
  <system-out/>
</testsuite> <!-- flipcart.testcases.VerifyFlipcartTravelPageTest -->
