<?xml version="1.0" encoding="UTF-8"?>
<!-- Generated by org.testng.reporters.JUnitReportReporter -->
<testsuite hostname="Oviya" failures="0" tests="1" name="flipcart.testcases.VerifyFlipCartFashonPageTest" time="3.926" errors="0" timestamp="2023-06-04T03:30:20 IST" skipped="0">
  <testcase classname="flipcart.testcases.VerifyFlipCartFashonPageTest" name="VerifyFlipcartfashonPageTest" time="3.926"/>
  <system-out/>
</testsuite> <!-- flipcart.testcases.VerifyFlipCartFashonPageTest -->
